<?xml version="1.0" encoding="UTF-8"?>
<!-- Generated by org.testng.reporters.JUnitReportReporter -->
<testsuite hostname="MUSBAH15-PC" name="com.guru.test.test" tests="1" failures="0" timestamp="25 Sep 2015 13:09:38 GMT" time="0.010" errors="0">
  <testcase name="testLogin" time="0.010" classname="com.guru.test.test"/>
</testsuite> <!-- com.guru.test.test -->
